#
# There is insufficient memory for the Java Runtime Environment to continue.
# Native memory allocation (malloc) failed to allocate 1951168 bytes for Chunk::new
# Possible reasons:
#   The system is out of physical RAM or swap space
#   In 32 bit mode, the process size limit was hit
# Possible solutions:
#   Reduce memory load on the system
#   Increase physical memory or swap space
#   Check if swap backing store is full
#   Use 64 bit Java on a 64 bit OS
#   Decrease Java heap size (-Xmx/-Xms)
#   Decrease number of Java threads
#   Decrease Java thread stack sizes (-Xss)
#   Set larger code cache with -XX:ReservedCodeCacheSize=
# This output file may be truncated or incomplete.
#
#  Out of Memory Error (allocation.cpp:390), pid=16180, tid=0x0000000000001bac
#
# JRE version: OpenJDK Runtime Environment (8.0_152-b01) (build 1.8.0_152-release-915-b01)
# Java VM: OpenJDK 64-Bit Server VM (25.152-b01 mixed mode windows-amd64 compressed oops)
# Failed to write core dump. Minidumps are not enabled by default on client versions of Windows
#

---------------  T H R E A D  ---------------

Current thread (0x000000001894e000):  JavaThread "C2 CompilerThread0" daemon [_thread_in_native, id=7084, stack(0x0000000019f90000,0x000000001a090000)]

Stack: [0x0000000019f90000,0x000000001a090000]
[error occurred during error reporting (printing stack bounds), id 0xc0000005]

Native frames: (J=compiled Java code, j=interpreted, Vv=VM code, C=native code)


Current CompileTask:
C2:   9466 1395   !   4       java.net.URLClassLoader$1::run (63 bytes)


---------------  P R O C E S S  ---------------

Java Threads: ( => current thread )
  0x000000001efbb800 JavaThread "Cache worker for file hash cache (I:\MyStockAlert\.gradle\4.1\fileHashes)" [_thread_blocked, id=14768, stack(0x000000001f5d0000,0x000000001f6d0000)]
  0x000000001de45800 JavaThread "File lock request listener" [_thread_in_native, id=14156, stack(0x000000001f4d0000,0x000000001f5d0000)]
  0x000000001b7ef800 JavaThread "Cache worker for file hash cache (C:\Users\Bishwas C Gupta\.gradle\caches\4.1\fileHashes)" [_thread_blocked, id=5972, stack(0x000000001e0b0000,0x000000001e1b0000)]
  0x000000001ab84000 JavaThread "Stdin handler" [_thread_blocked, id=12392, stack(0x000000001cfe0000,0x000000001d0e0000)]
  0x000000001b58c800 JavaThread "Asynchronous log dispatcher for DefaultDaemonConnection: socket connection from /127.0.0.1:53062 to /127.0.0.1:53066" [_thread_blocked, id=8744, stack(0x000000001cee0000,0x000000001cfe0000)]
  0x000000001ab80000 JavaThread "Daemon worker" [_thread_in_vm, id=16004, stack(0x000000001cde0000,0x000000001cee0000)]
  0x000000001b816800 JavaThread "Cancel handler" [_thread_blocked, id=13124, stack(0x000000001cce0000,0x000000001cde0000)]
  0x000000001b658000 JavaThread "Handler for socket connection from /127.0.0.1:53062 to /127.0.0.1:53066" [_thread_in_native, id=5332, stack(0x000000001c9e0000,0x000000001cae0000)]
  0x000000001af88800 JavaThread "Daemon" [_thread_blocked, id=8556, stack(0x000000001c8e0000,0x000000001c9e0000)]
  0x000000001b990000 JavaThread "Daemon periodic checks" [_thread_blocked, id=12212, stack(0x000000001c7e0000,0x000000001c8e0000)]
  0x000000001af7d800 JavaThread "Incoming local TCP Connector on port 53062" [_thread_in_native, id=15788, stack(0x000000001c5a0000,0x000000001c6a0000)]
  0x000000001a2b3000 JavaThread "Service Thread" daemon [_thread_blocked, id=13060, stack(0x000000001a690000,0x000000001a790000)]
  0x0000000018968800 JavaThread "C1 CompilerThread2" daemon [_thread_blocked, id=6608, stack(0x000000001a190000,0x000000001a290000)]
  0x0000000018951000 JavaThread "C2 CompilerThread1" daemon [_thread_in_native, id=15104, stack(0x000000001a090000,0x000000001a190000)]
=>0x000000001894e000 JavaThread "C2 CompilerThread0" daemon [_thread_in_native, id=7084, stack(0x0000000019f90000,0x000000001a090000)]
  0x000000001894c800 JavaThread "Attach Listener" daemon [_thread_blocked, id=12472, stack(0x0000000019e90000,0x0000000019f90000)]
  0x000000001894b000 JavaThread "Signal Dispatcher" daemon [_thread_blocked, id=15580, stack(0x0000000019d90000,0x0000000019e90000)]
  0x0000000004fd5800 JavaThread "Finalizer" daemon [_thread_blocked, id=6924, stack(0x0000000019ba0000,0x0000000019ca0000)]
  0x0000000004fd2000 JavaThread "Reference Handler" daemon [_thread_blocked, id=7108, stack(0x0000000019aa0000,0x0000000019ba0000)]
  0x0000000004dde000 JavaThread "main" [_thread_blocked, id=13924, stack(0x0000000004de0000,0x0000000004ee0000)]

Other Threads:
  0x0000000018915800 VMThread [stack: 0x00000000199a0000,0x0000000019aa0000] [id=5072]
  0x00000000189ae000 WatcherThread [stack: 0x000000001a790000,0x000000001a890000] [id=756]

VM state:not at safepoint (normal execution)

VM Mutex/Monitor currently owned by a thread: None

Heap:
 PSYoungGen      total 38400K, used 33826K [0x00000000e0000000, 0x00000000e2a80000, 0x0000000100000000)
  eden space 33280K, 86% used [0x00000000e0000000,0x00000000e1c0d678,0x00000000e2080000)
  from space 5120K, 99% used [0x00000000e2580000,0x00000000e2a7b2c0,0x00000000e2a80000)
  to   space 5120K, 0% used [0x00000000e2080000,0x00000000e2080000,0x00000000e2580000)
 ParOldGen       total 87552K, used 715K [0x00000000a0000000, 0x00000000a5580000, 0x00000000e0000000)
  object space 87552K, 0% used [0x00000000a0000000,0x00000000a00b2c10,0x00000000a5580000)
 Metaspace       used 14751K, capacity 15092K, committed 15360K, reserved 1062912K
  class space    used 2066K, capacity 2216K, committed 2304K, reserved 1048576K

Card table byte_map: [0x00000000143a0000,0x00000000146b0000] byte_map_base: 0x0000000013ea0000

Marking Bits: (ParMarkBitMap*) 0x000000006aa33950
 Begin Bits: [0x0000000014cb0000, 0x00000000164b0000)
 End Bits:   [0x00000000164b0000, 0x0000000017cb0000)

Polling page: 0x0000000003060000

CodeCache: size=245760Kb used=5305Kb max_used=5305Kb free=240454Kb
 bounds [0x0000000004fe0000, 0x0000000005520000, 0x0000000013fe0000]
 total_blobs=1863 nmethods=1496 adapters=280
 compilation: enabled

Compilation events (10 events):
Event: 9.034 Thread 0x0000000018968800 1500       3       java.lang.reflect.Method::setMethodAccessor (21 bytes)
Event: 9.035 Thread 0x0000000018968800 nmethod 1500 0x000000000550ebd0 code [0x000000000550ed40, 0x000000000550f0e8]
Event: 9.035 Thread 0x0000000018968800 1499       1       java.lang.reflect.Method::getMethodAccessor (5 bytes)
Event: 9.035 Thread 0x0000000018968800 nmethod 1499 0x000000000550f210 code [0x000000000550f360, 0x000000000550f470]
Event: 9.040 Thread 0x0000000018968800 1501  s    3       java.io.ByteArrayInputStream::read (101 bytes)
Event: 9.041 Thread 0x0000000018968800 nmethod 1501 0x000000000550f4d0 code [0x000000000550f680, 0x000000000550fde8]
Event: 9.440 Thread 0x0000000018968800 1502       3       org.gradle.internal.service.DefaultServiceRegistry$SingletonService::get (5 bytes)
Event: 9.441 Thread 0x0000000018968800 nmethod 1502 0x0000000005510010 code [0x0000000005510180, 0x0000000005510388]
Event: 9.441 Thread 0x0000000018968800 1503       3       org.gradle.internal.service.DefaultServiceRegistry$ManagedObjectProvider::getInstance (57 bytes)
Event: 9.441 Thread 0x0000000018968800 nmethod 1503 0x0000000005510450 code [0x00000000055105c0, 0x0000000005510848]

GC Heap History (4 events):
Event: 2.584 GC heap before
{Heap before GC invocations=1 (full 0):
 PSYoungGen      total 38400K, used 33280K [0x00000000e0000000, 0x00000000e2a80000, 0x0000000100000000)
  eden space 33280K, 100% used [0x00000000e0000000,0x00000000e2080000,0x00000000e2080000)
  from space 5120K, 0% used [0x00000000e2580000,0x00000000e2580000,0x00000000e2a80000)
  to   space 5120K, 0% used [0x00000000e2080000,0x00000000e2080000,0x00000000e2580000)
 ParOldGen       total 87552K, used 0K [0x00000000a0000000, 0x00000000a5580000, 0x00000000e0000000)
  object space 87552K, 0% used [0x00000000a0000000,0x00000000a0000000,0x00000000a5580000)
 Metaspace       used 6911K, capacity 7102K, committed 7424K, reserved 1056768K
  class space    used 837K, capacity 907K, committed 1024K, reserved 1048576K
Event: 2.610 GC heap after
Heap after GC invocations=1 (full 0):
 PSYoungGen      total 38400K, used 3979K [0x00000000e0000000, 0x00000000e2a80000, 0x0000000100000000)
  eden space 33280K, 0% used [0x00000000e0000000,0x00000000e0000000,0x00000000e2080000)
  from space 5120K, 77% used [0x00000000e2080000,0x00000000e2462c58,0x00000000e2580000)
  to   space 5120K, 0% used [0x00000000e2580000,0x00000000e2580000,0x00000000e2a80000)
 ParOldGen       total 87552K, used 8K [0x00000000a0000000, 0x00000000a5580000, 0x00000000e0000000)
  object space 87552K, 0% used [0x00000000a0000000,0x00000000a0002000,0x00000000a5580000)
 Metaspace       used 6911K, capacity 7102K, committed 7424K, reserved 1056768K
  class space    used 837K, capacity 907K, committed 1024K, reserved 1048576K
}
Event: 7.617 GC heap before
{Heap before GC invocations=2 (full 0):
 PSYoungGen      total 38400K, used 37259K [0x00000000e0000000, 0x00000000e2a80000, 0x0000000100000000)
  eden space 33280K, 100% used [0x00000000e0000000,0x00000000e2080000,0x00000000e2080000)
  from space 5120K, 77% used [0x00000000e2080000,0x00000000e2462c58,0x00000000e2580000)
  to   space 5120K, 0% used [0x00000000e2580000,0x00000000e2580000,0x00000000e2a80000)
 ParOldGen       total 87552K, used 8K [0x00000000a0000000, 0x00000000a5580000, 0x00000000e0000000)
  object space 87552K, 0% used [0x00000000a0000000,0x00000000a0002000,0x00000000a5580000)
 Metaspace       used 12134K, capacity 12432K, committed 12544K, reserved 1060864K
  class space    used 1600K, capacity 1734K, committed 1792K, reserved 1048576K
Event: 7.630 GC heap after
Heap after GC invocations=2 (full 0):
 PSYoungGen      total 38400K, used 5100K [0x00000000e0000000, 0x00000000e2a80000, 0x0000000100000000)
  eden space 33280K, 0% used [0x00000000e0000000,0x00000000e0000000,0x00000000e2080000)
  from space 5120K, 99% used [0x00000000e2580000,0x00000000e2a7b2c0,0x00000000e2a80000)
  to   space 5120K, 0% used [0x00000000e2080000,0x00000000e2080000,0x00000000e2580000)
 ParOldGen       total 87552K, used 715K [0x00000000a0000000, 0x00000000a5580000, 0x00000000e0000000)
  object space 87552K, 0% used [0x00000000a0000000,0x00000000a00b2c10,0x00000000a5580000)
 Metaspace       used 12134K, capacity 12432K, committed 12544K, reserved 1060864K
  class space    used 1600K, capacity 1734K, committed 1792K, reserved 1048576K
}

Deoptimization events (10 events):
Event: 3.411 Thread 0x0000000004dde000 Uncommon trap: reason=unstable_if action=reinterpret pc=0x00000000052732b4 method=java.util.HashMap.getNode(ILjava/lang/Object;)Ljava/util/HashMap$Node; @ 62
Event: 3.751 Thread 0x0000000004dde000 Uncommon trap: reason=bimorphic action=maybe_recompile pc=0x000000000532fe24 method=java.util.HashMap.putVal(ILjava/lang/Object;Ljava/lang/Object;ZZ)Ljava/lang/Object; @ 203
Event: 4.594 Thread 0x0000000004dde000 Uncommon trap: reason=unstable_if action=reinterpret pc=0x00000000052f84c0 method=java.io.WinNTFileSystem.normalize(Ljava/lang/String;)Ljava/lang/String; @ 128
Event: 4.595 Thread 0x0000000004dde000 Uncommon trap: reason=unstable_if action=reinterpret pc=0x00000000052ff040 method=java.io.WinNTFileSystem.normalize(Ljava/lang/String;II)Ljava/lang/String; @ 90
Event: 7.573 Thread 0x000000001ab80000 Uncommon trap: reason=bimorphic action=maybe_recompile pc=0x000000000532f730 method=java.util.HashMap.putVal(ILjava/lang/Object;Ljava/lang/Object;ZZ)Ljava/lang/Object; @ 253
Event: 7.573 Thread 0x000000001ab80000 Uncommon trap: reason=bimorphic action=maybe_recompile pc=0x000000000532f730 method=java.util.HashMap.putVal(ILjava/lang/Object;Ljava/lang/Object;ZZ)Ljava/lang/Object; @ 253
Event: 7.573 Thread 0x000000001ab80000 Uncommon trap: reason=bimorphic action=maybe_recompile pc=0x000000000532f730 method=java.util.HashMap.putVal(ILjava/lang/Object;Ljava/lang/Object;ZZ)Ljava/lang/Object; @ 253
Event: 8.281 Thread 0x000000001ab80000 Uncommon trap: reason=class_check action=maybe_recompile pc=0x000000000527511c method=java.util.regex.Matcher.match(II)Z @ 86
Event: 8.282 Thread 0x000000001ab80000 Uncommon trap: reason=class_check action=maybe_recompile pc=0x000000000527511c method=java.util.regex.Matcher.match(II)Z @ 86
Event: 8.792 Thread 0x000000001ab80000 Uncommon trap: reason=unstable_if action=reinterpret pc=0x00000000054bb0f4 method=java.lang.String.lastIndexOf([CII[CIII)I @ 66

Classes redefined (0 events):
No events

Internal exceptions (10 events):
Event: 7.437 Thread 0x000000001b658000 Exception <a 'java/lang/NoSuchMethodError': <clinit>> (0x00000000e1c9cfb8) thrown at [D:\src\AOSP-openjdk-cygwin\jdk8u\hotspot\src\share\vm\prims\jni.cpp, line 1613]
Event: 7.444 Thread 0x000000001b658000 Exception <a 'java/lang/NoSuchMethodError': <clinit>> (0x00000000e1cbdf80) thrown at [D:\src\AOSP-openjdk-cygwin\jdk8u\hotspot\src\share\vm\prims\jni.cpp, line 1613]
Event: 7.449 Thread 0x000000001b658000 Exception <a 'java/lang/NoSuchMethodError': <clinit>> (0x00000000e1cd5b58) thrown at [D:\src\AOSP-openjdk-cygwin\jdk8u\hotspot\src\share\vm\prims\jni.cpp, line 1613]
Event: 7.450 Thread 0x000000001b658000 Exception <a 'java/lang/NoSuchMethodError': <clinit>> (0x00000000e1cde620) thrown at [D:\src\AOSP-openjdk-cygwin\jdk8u\hotspot\src\share\vm\prims\jni.cpp, line 1613]
Event: 7.453 Thread 0x000000001b658000 Exception <a 'java/lang/NoSuchMethodError': <clinit>> (0x00000000e1cefd70) thrown at [D:\src\AOSP-openjdk-cygwin\jdk8u\hotspot\src\share\vm\prims\jni.cpp, line 1613]
Event: 7.486 Thread 0x000000001b658000 Exception <a 'java/lang/NoSuchMethodError': <clinit>> (0x00000000e1d6e468) thrown at [D:\src\AOSP-openjdk-cygwin\jdk8u\hotspot\src\share\vm\prims\jni.cpp, line 1613]
Event: 7.492 Thread 0x000000001b658000 Exception <a 'java/lang/NoSuchMethodError': <clinit>> (0x00000000e1d88d98) thrown at [D:\src\AOSP-openjdk-cygwin\jdk8u\hotspot\src\share\vm\prims\jni.cpp, line 1613]
Event: 7.497 Thread 0x000000001b658000 Exception <a 'java/lang/NoSuchMethodError': <clinit>> (0x00000000e1dad520) thrown at [D:\src\AOSP-openjdk-cygwin\jdk8u\hotspot\src\share\vm\prims\jni.cpp, line 1613]
Event: 7.550 Thread 0x000000001ab80000 Exception <a 'java/lang/NoSuchMethodError': <clinit>> (0x00000000e1eb6280) thrown at [D:\src\AOSP-openjdk-cygwin\jdk8u\hotspot\src\share\vm\prims\jni.cpp, line 1613]
Event: 7.551 Thread 0x000000001ab80000 Exception <a 'java/lang/NoSuchMethodError': <clinit>> (0x00000000e1ebe508) thrown at [D:\src\AOSP-openjdk-cygwin\jdk8u\hotspot\src\share\vm\prims\jni.cpp, line 1613]

Events (10 events):
Event: 9.444 loading class org/gradle/api/internal/initialization/AbstractClassLoaderScope
Event: 9.444 loading class org/gradle/api/internal/initialization/AbstractClassLoaderScope done
Event: 9.445 loading class org/gradle/api/internal/initialization/ClassLoaderScopeIdentifier
Event: 9.445 loading class org/gradle/api/internal/initialization/ClassLoaderScopeIdentifier done
Event: 9.446 loading class org/gradle/api/internal/initialization/loadercache/ClassLoaderId
Event: 9.446 loading class org/gradle/api/internal/initialization/loadercache/ClassLoaderId done
Event: 9.447 loading class org/gradle/api/internal/plugins/PotentialPlugin
Event: 9.447 loading class org/gradle/api/internal/plugins/PotentialPlugin done
Event: 9.448 loading class org/gradle/api/internal/plugins/DefaultPluginRegistry
Event: 9.448 loading class org/gradle/api/internal/plugins/DefaultPluginRegistry done


Dynamic libraries:
0x00007ff7040a0000 - 0x00007ff7040d1000 	I:\AndroidStudio\jre\bin\java.exe
0x00007ffff3ef0000 - 0x00007ffff40d0000 	C:\WINDOWS\SYSTEM32\ntdll.dll
0x00007ffff1fa0000 - 0x00007ffff204e000 	C:\WINDOWS\System32\KERNEL32.DLL
0x00007ffff0930000 - 0x00007ffff0b96000 	C:\WINDOWS\System32\KERNELBASE.dll
0x00007ffff2080000 - 0x00007ffff2121000 	C:\WINDOWS\System32\ADVAPI32.dll
0x00007ffff39a0000 - 0x00007ffff3a3d000 	C:\WINDOWS\System32\msvcrt.dll
0x00007ffff2360000 - 0x00007ffff23bb000 	C:\WINDOWS\System32\sechost.dll
0x00007ffff1b20000 - 0x00007ffff1c3f000 	C:\WINDOWS\System32\RPCRT4.dll
0x00007ffff1920000 - 0x00007ffff1aaf000 	C:\WINDOWS\System32\USER32.dll
0x00007ffff0910000 - 0x00007ffff0930000 	C:\WINDOWS\System32\win32u.dll
0x00007ffff2050000 - 0x00007ffff2078000 	C:\WINDOWS\System32\GDI32.dll
0x00007ffff0310000 - 0x00007ffff04a3000 	C:\WINDOWS\System32\gdi32full.dll
0x00007ffff12f0000 - 0x00007ffff138b000 	C:\WINDOWS\System32\msvcp_win.dll
0x00007ffff04b0000 - 0x00007ffff05a6000 	C:\WINDOWS\System32\ucrtbase.dll
0x00007fffe8830000 - 0x00007fffe8a99000 	C:\WINDOWS\WinSxS\amd64_microsoft.windows.common-controls_6595b64144ccf1df_6.0.16299.309_none_15cfd4c4935e6b11\COMCTL32.dll
0x00007ffff3a70000 - 0x00007ffff3d78000 	C:\WINDOWS\System32\combase.dll
0x00007ffff05b0000 - 0x00007ffff0622000 	C:\WINDOWS\System32\bcryptPrimitives.dll
0x00007ffff2330000 - 0x00007ffff235d000 	C:\WINDOWS\System32\IMM32.DLL
0x000000006a0b0000 - 0x000000006a182000 	I:\AndroidStudio\jre\jre\bin\msvcr100.dll
0x000000006a270000 - 0x000000006aaae000 	I:\AndroidStudio\jre\jre\bin\server\jvm.dll
0x00007ffff1ec0000 - 0x00007ffff1ec8000 	C:\WINDOWS\System32\PSAPI.DLL
0x00007fffe9e80000 - 0x00007fffe9ea3000 	C:\WINDOWS\SYSTEM32\WINMM.dll
0x00007fffe4990000 - 0x00007fffe499a000 	C:\WINDOWS\SYSTEM32\VERSION.dll
0x00007fffe9e50000 - 0x00007fffe9e7a000 	C:\WINDOWS\SYSTEM32\WINMMBASE.dll
0x00007ffff02c0000 - 0x00007ffff030a000 	C:\WINDOWS\System32\cfgmgr32.dll
0x00007fffdf580000 - 0x00007fffdf589000 	C:\WINDOWS\SYSTEM32\WSOCK32.dll
0x00007ffff3e20000 - 0x00007ffff3e8c000 	C:\WINDOWS\System32\WS2_32.dll
0x00007fffec9f0000 - 0x00007fffec9ff000 	I:\AndroidStudio\jre\jre\bin\verify.dll
0x00007fffebe50000 - 0x00007fffebe79000 	I:\AndroidStudio\jre\jre\bin\java.dll
0x00007fffebff0000 - 0x00007fffec006000 	I:\AndroidStudio\jre\jre\bin\zip.dll
0x00007ffff23c0000 - 0x00007ffff37f6000 	C:\WINDOWS\System32\SHELL32.dll
0x00007ffff2130000 - 0x00007ffff21d6000 	C:\WINDOWS\System32\shcore.dll
0x00007ffff0ba0000 - 0x00007ffff12e7000 	C:\WINDOWS\System32\windows.storage.dll
0x00007ffff17e0000 - 0x00007ffff1831000 	C:\WINDOWS\System32\shlwapi.dll
0x00007ffff0260000 - 0x00007ffff0271000 	C:\WINDOWS\System32\kernel.appcore.dll
0x00007ffff0210000 - 0x00007ffff025c000 	C:\WINDOWS\System32\powrprof.dll
0x00007ffff0280000 - 0x00007ffff029b000 	C:\WINDOWS\System32\profapi.dll
0x00007fffeb800000 - 0x00007fffeb81a000 	I:\AndroidStudio\jre\jre\bin\net.dll
0x00007fffefaa0000 - 0x00007fffefb06000 	C:\WINDOWS\system32\mswsock.dll
0x00007fffeb7e0000 - 0x00007fffeb7f1000 	I:\AndroidStudio\jre\jre\bin\nio.dll
0x00007fffdebc0000 - 0x00007fffdebde000 	C:\Users\Bishwas C Gupta\.gradle\native\25\windows-amd64\native-platform.dll
0x00007fffec0a0000 - 0x00007fffec0ad000 	I:\AndroidStudio\jre\jre\bin\management.dll
0x00007fffefc60000 - 0x00007fffefc77000 	C:\WINDOWS\SYSTEM32\CRYPTSP.dll
0x00007fffef6a0000 - 0x00007fffef6d3000 	C:\WINDOWS\system32\rsaenh.dll
0x00007fffefd70000 - 0x00007fffefd95000 	C:\WINDOWS\SYSTEM32\bcrypt.dll
0x00007ffff0110000 - 0x00007ffff0139000 	C:\WINDOWS\SYSTEM32\USERENV.dll
0x00007fffefc80000 - 0x00007fffefc8b000 	C:\WINDOWS\SYSTEM32\CRYPTBASE.dll
0x00007fffef830000 - 0x00007fffef869000 	C:\WINDOWS\SYSTEM32\IPHLPAPI.DLL
0x00007ffff3a60000 - 0x00007ffff3a68000 	C:\WINDOWS\System32\NSI.dll
0x00007fffeb940000 - 0x00007fffeb956000 	C:\WINDOWS\SYSTEM32\dhcpcsvc6.DLL
0x00007fffeb920000 - 0x00007fffeb93a000 	C:\WINDOWS\SYSTEM32\dhcpcsvc.DLL

VM Arguments:
jvm_args: -Xmx1536m -Dfile.encoding=windows-1252 -Duser.country=IN -Duser.language=en -Duser.variant 
java_command: org.gradle.launcher.daemon.bootstrap.GradleDaemon 4.1
java_class_path (initial): C:\Users\Bishwas C Gupta\.gradle\wrapper\dists\gradle-4.1-all\bzyivzo6n839fup2jbap0tjew\gradle-4.1\lib\gradle-launcher-4.1.jar
Launcher Type: SUN_STANDARD

Environment Variables:
PATH=C:\Program Files\Haskell\bin;C:\Program Files\Haskell Platform\8.2.2\lib\extralibs\bin;C:\Program Files\Haskell Platform\8.2.2\bin;C:\Program Files (x86)\Intel\iCLS Client\;C:\Program Files\Intel\iCLS Client\;C:\WINDOWS\system32;C:\WINDOWS;C:\WINDOWS\System32\Wbem;C:\WINDOWS\System32\WindowsPowerShell\v1.0\;C:\Program Files (x86)\ATI Technologies\ATI.ACE\Core-Static;C:\TDM-GCC-64\bin;C:\Program Files\Intel\Intel(R) Management Engine Components\DAL;C:\Program Files\Intel\Intel(R) Management Engine Components\IPT;C:\Program Files (x86)\Intel\Intel(R) Management Engine Components\DAL;C:\Program Files (x86)\Intel\Intel(R) Management Engine Components\IPT;C:\Program Files\Intel\WiFi\bin\;C:\Program Files\Common Files\Intel\WirelessCommon\;C:\Program Files (x86)\MiKTeX 2.9\miktex\bin\;C:\Program Files\Git\cmd;C:\Program Files\Git\usr\bin;C:\Program Files\Haskell Platform\8.2.2\mingw\bin;C:\adb-fastboot\platform-tools;C:\Users\Bishwas C Gupta\AppData\Roaming\cabal\bin;C:\Users\Bishwas C Gupta\AppData\Roaming\local\bin;C:\Users\Bishwas C Gupta\AppData\Local\Programs\Python\Python35\Scripts\;C:\Users\Bishwas C Gupta\AppData\Local\Programs\Python\Python35\;C:\Users\Bishwas C Gupta\AppData\Local\Programs\Python\Python36\Scripts\;C:\Users\Bishwas C Gupta\AppData\Local\Programs\Python\Python36\;C:\Users\Bishwas C Gupta\AppData\Local\Microsoft\WindowsApps;C:\Program Files\Java\jdk1.8.0_05\bin;C:\Program Files\Intel\WiFi\bin\;C:\Program Files\Common Files\Intel\WirelessCommon\;C:\Users\Bishwas C Gupta\AppData\Local\GitHubDesktop\bin;C:\Users\Bishwas C Gupta\AppData\Local\.meteor\;C:\Users\Bishwas C Gupta\AppData\Local\Microsoft\WindowsApps;C:\Program Files\Microsoft VS Code\bin
USERNAME=Bishwas C Gupta
OS=Windows_NT
PROCESSOR_IDENTIFIER=Intel64 Family 6 Model 69 Stepping 1, GenuineIntel



---------------  S Y S T E M  ---------------

OS: Windows 10.0 , 64 bit Build 16299 (10.0.16299.15)

CPU:total 4 (initial active 4) (2 cores per cpu, 2 threads per core) family 6 model 69 stepping 1, cmov, cx8, fxsr, mmx, sse, sse2, sse3, ssse3, sse4.1, sse4.2, popcnt, avx, avx2, aes, clmul, erms, lzcnt, ht, tsc, tscinvbit, bmi1, bmi2

Memory: 4k page, physical 8274284k(1783260k free), swap 9322860k(4908k free)

vm_info: OpenJDK 64-Bit Server VM (25.152-b01) for windows-amd64 JRE (1.8.0_152-release-915-b01), built by "builder" with MS VC++ 10.0 (VS2010)

time: Sun Mar 18 09:41:52 2018
elapsed time: 9 seconds (0d 0h 0m 9s)

