#
# There is insufficient memory for the Java Runtime Environment to continue.
# Native memory allocation (malloc) failed to allocate 1322176 bytes for Chunk::new
# Possible reasons:
#   The system is out of physical RAM or swap space
#   In 32 bit mode, the process size limit was hit
# Possible solutions:
#   Reduce memory load on the system
#   Increase physical memory or swap space
#   Check if swap backing store is full
#   Use 64 bit Java on a 64 bit OS
#   Decrease Java heap size (-Xmx/-Xms)
#   Decrease number of Java threads
#   Decrease Java thread stack sizes (-Xss)
#   Set larger code cache with -XX:ReservedCodeCacheSize=
# This output file may be truncated or incomplete.
#
#  Out of Memory Error (allocation.cpp:390), pid=15880, tid=0x0000000000001420
#
# JRE version: OpenJDK Runtime Environment (8.0_152-b01) (build 1.8.0_152-release-915-b01)
# Java VM: OpenJDK 64-Bit Server VM (25.152-b01 mixed mode windows-amd64 compressed oops)
# Failed to write core dump. Minidumps are not enabled by default on client versions of Windows
#

---------------  T H R E A D  ---------------

Current thread (0x0000000018591800):  JavaThread "C2 CompilerThread1" daemon [_thread_in_native, id=5152, stack(0x0000000019d00000,0x0000000019e00000)]

Stack: [0x0000000019d00000,0x0000000019e00000]
[error occurred during error reporting (printing stack bounds), id 0xc0000005]

Native frames: (J=compiled Java code, j=interpreted, Vv=VM code, C=native code)


Current CompileTask:
C2:   9586 1384       4       java.net.URLClassLoader$1::run (5 bytes)


---------------  P R O C E S S  ---------------

Java Threads: ( => current thread )
  0x000000001b585800 JavaThread "Stdin handler" [_thread_blocked, id=9572, stack(0x000000001cc50000,0x000000001cd50000)]
  0x000000001b56d800 JavaThread "Asynchronous log dispatcher for DefaultDaemonConnection: socket connection from /127.0.0.1:53061 to /127.0.0.1:53063" [_thread_blocked, id=7592, stack(0x000000001cb50000,0x000000001cc50000)]
  0x000000001b531000 JavaThread "Daemon worker" [_thread_in_Java, id=9436, stack(0x000000001ca50000,0x000000001cb50000)]
  0x000000001b565000 JavaThread "Cancel handler" [_thread_blocked, id=1784, stack(0x000000001c950000,0x000000001ca50000)]
  0x000000001b275000 JavaThread "Handler for socket connection from /127.0.0.1:53061 to /127.0.0.1:53063" [_thread_in_native, id=14560, stack(0x000000001c650000,0x000000001c750000)]
  0x000000001a7f9800 JavaThread "Daemon" [_thread_blocked, id=2576, stack(0x000000001c550000,0x000000001c650000)]
  0x000000001b134000 JavaThread "Daemon periodic checks" [_thread_blocked, id=14668, stack(0x000000001c450000,0x000000001c550000)]
  0x000000001b133000 JavaThread "Incoming local TCP Connector on port 53061" [_thread_in_native, id=11032, stack(0x000000001c210000,0x000000001c310000)]
  0x0000000019f29000 JavaThread "Service Thread" daemon [_thread_blocked, id=16328, stack(0x000000001a300000,0x000000001a400000)]
  0x0000000018596800 JavaThread "C1 CompilerThread2" daemon [_thread_blocked, id=11000, stack(0x0000000019e00000,0x0000000019f00000)]
=>0x0000000018591800 JavaThread "C2 CompilerThread1" daemon [_thread_in_native, id=5152, stack(0x0000000019d00000,0x0000000019e00000)]
  0x000000001858e800 JavaThread "C2 CompilerThread0" daemon [_thread_in_native, id=14248, stack(0x0000000019c00000,0x0000000019d00000)]
  0x000000001858d000 JavaThread "Attach Listener" daemon [_thread_blocked, id=13104, stack(0x0000000019b00000,0x0000000019c00000)]
  0x000000001858a000 JavaThread "Signal Dispatcher" daemon [_thread_blocked, id=14456, stack(0x0000000019a00000,0x0000000019b00000)]
  0x0000000004c1b000 JavaThread "Finalizer" daemon [_thread_blocked, id=12496, stack(0x0000000019810000,0x0000000019910000)]
  0x0000000004c12000 JavaThread "Reference Handler" daemon [_thread_blocked, id=15604, stack(0x0000000019710000,0x0000000019810000)]
  0x0000000004a1e000 JavaThread "main" [_thread_blocked, id=13156, stack(0x0000000004a20000,0x0000000004b20000)]

Other Threads:
  0x0000000018555800 VMThread [stack: 0x0000000019610000,0x0000000019710000] [id=13784]
  0x00000000185eb800 WatcherThread [stack: 0x000000001a400000,0x000000001a500000] [id=12228]

VM state:not at safepoint (normal execution)

VM Mutex/Monitor currently owned by a thread: None

Heap:
 PSYoungGen      total 38400K, used 25389K [0x00000000e0000000, 0x00000000e2a80000, 0x0000000100000000)
  eden space 33280K, 60% used [0x00000000e0000000,0x00000000e13d01b8,0x00000000e2080000)
  from space 5120K, 99% used [0x00000000e2580000,0x00000000e2a7b2c0,0x00000000e2a80000)
  to   space 5120K, 0% used [0x00000000e2080000,0x00000000e2080000,0x00000000e2580000)
 ParOldGen       total 87552K, used 719K [0x00000000a0000000, 0x00000000a5580000, 0x00000000e0000000)
  object space 87552K, 0% used [0x00000000a0000000,0x00000000a00b3cd8,0x00000000a5580000)
 Metaspace       used 13904K, capacity 14340K, committed 14464K, reserved 1060864K
  class space    used 1928K, capacity 2088K, committed 2176K, reserved 1048576K

Card table byte_map: [0x0000000013fe0000,0x00000000142f0000] byte_map_base: 0x0000000013ae0000

Marking Bits: (ParMarkBitMap*) 0x000000006aa33950
 Begin Bits: [0x00000000148f0000, 0x00000000160f0000)
 End Bits:   [0x00000000160f0000, 0x00000000178f0000)

Polling page: 0x0000000002d40000

CodeCache: size=245760Kb used=5053Kb max_used=5064Kb free=240706Kb
 bounds [0x0000000004c20000, 0x0000000005120000, 0x0000000013c20000]
 total_blobs=1747 nmethods=1381 adapters=279
 compilation: enabled

Compilation events (10 events):
Event: 9.101 Thread 0x0000000018591800 1380       4       java.util.HashMap::newNode (13 bytes)
Event: 9.103 Thread 0x0000000018591800 nmethod 1380 0x0000000005112bd0 code [0x0000000005112d20, 0x0000000005112e38]
Event: 9.103 Thread 0x0000000018596800 1381       3       org.gradle.internal.service.DefaultServiceRegistry::extractServiceType (40 bytes)
Event: 9.104 Thread 0x0000000018596800 nmethod 1381 0x0000000005112210 code [0x00000000051123c0, 0x0000000005112a38]
Event: 9.123 Thread 0x0000000018596800 1382       3       java.io.File::getAbsoluteFile (21 bytes)
Event: 9.123 Thread 0x0000000018596800 nmethod 1382 0x0000000005111b50 code [0x0000000005111ce0, 0x0000000005112098]
Event: 9.166 Thread 0x000000001858e800 1383   !   4       java.net.URLClassLoader::findClass (47 bytes)
Event: 9.170 Thread 0x000000001858e800 nmethod 1383 0x00000000051100d0 code [0x0000000005110260, 0x0000000005110458]
Event: 9.171 Thread 0x0000000018591800 1384       4       java.net.URLClassLoader$1::run (5 bytes)
Event: 9.171 Thread 0x000000001858e800 1385   !   4       java.net.URLClassLoader$1::run (63 bytes)

GC Heap History (4 events):
Event: 2.400 GC heap before
{Heap before GC invocations=1 (full 0):
 PSYoungGen      total 38400K, used 33280K [0x00000000e0000000, 0x00000000e2a80000, 0x0000000100000000)
  eden space 33280K, 100% used [0x00000000e0000000,0x00000000e2080000,0x00000000e2080000)
  from space 5120K, 0% used [0x00000000e2580000,0x00000000e2580000,0x00000000e2a80000)
  to   space 5120K, 0% used [0x00000000e2080000,0x00000000e2080000,0x00000000e2580000)
 ParOldGen       total 87552K, used 0K [0x00000000a0000000, 0x00000000a5580000, 0x00000000e0000000)
  object space 87552K, 0% used [0x00000000a0000000,0x00000000a0000000,0x00000000a5580000)
 Metaspace       used 6899K, capacity 7054K, committed 7424K, reserved 1056768K
  class space    used 837K, capacity 907K, committed 1024K, reserved 1048576K
Event: 2.416 GC heap after
Heap after GC invocations=1 (full 0):
 PSYoungGen      total 38400K, used 3997K [0x00000000e0000000, 0x00000000e2a80000, 0x0000000100000000)
  eden space 33280K, 0% used [0x00000000e0000000,0x00000000e0000000,0x00000000e2080000)
  from space 5120K, 78% used [0x00000000e2080000,0x00000000e24674b0,0x00000000e2580000)
  to   space 5120K, 0% used [0x00000000e2580000,0x00000000e2580000,0x00000000e2a80000)
 ParOldGen       total 87552K, used 8K [0x00000000a0000000, 0x00000000a5580000, 0x00000000e0000000)
  object space 87552K, 0% used [0x00000000a0000000,0x00000000a0002000,0x00000000a5580000)
 Metaspace       used 6899K, capacity 7054K, committed 7424K, reserved 1056768K
  class space    used 837K, capacity 907K, committed 1024K, reserved 1048576K
}
Event: 8.273 GC heap before
{Heap before GC invocations=2 (full 0):
 PSYoungGen      total 38400K, used 37277K [0x00000000e0000000, 0x00000000e2a80000, 0x0000000100000000)
  eden space 33280K, 100% used [0x00000000e0000000,0x00000000e2080000,0x00000000e2080000)
  from space 5120K, 78% used [0x00000000e2080000,0x00000000e24674b0,0x00000000e2580000)
  to   space 5120K, 0% used [0x00000000e2580000,0x00000000e2580000,0x00000000e2a80000)
 ParOldGen       total 87552K, used 8K [0x00000000a0000000, 0x00000000a5580000, 0x00000000e0000000)
  object space 87552K, 0% used [0x00000000a0000000,0x00000000a0002000,0x00000000a5580000)
 Metaspace       used 12133K, capacity 12448K, committed 12544K, reserved 1060864K
  class space    used 1601K, capacity 1734K, committed 1792K, reserved 1048576K
Event: 8.288 GC heap after
Heap after GC invocations=2 (full 0):
 PSYoungGen      total 38400K, used 5100K [0x00000000e0000000, 0x00000000e2a80000, 0x0000000100000000)
  eden space 33280K, 0% used [0x00000000e0000000,0x00000000e0000000,0x00000000e2080000)
  from space 5120K, 99% used [0x00000000e2580000,0x00000000e2a7b2c0,0x00000000e2a80000)
  to   space 5120K, 0% used [0x00000000e2080000,0x00000000e2080000,0x00000000e2580000)
 ParOldGen       total 87552K, used 719K [0x00000000a0000000, 0x00000000a5580000, 0x00000000e0000000)
  object space 87552K, 0% used [0x00000000a0000000,0x00000000a00b3cd8,0x00000000a5580000)
 Metaspace       used 12133K, capacity 12448K, committed 12544K, reserved 1060864K
  class space    used 1601K, capacity 1734K, committed 1792K, reserved 1048576K
}

Deoptimization events (10 events):
Event: 3.218 Thread 0x0000000004a1e000 Uncommon trap: reason=class_check action=maybe_recompile pc=0x0000000004eb9d3c method=java.util.HashMap.putVal(ILjava/lang/Object;Ljava/lang/Object;ZZ)Ljava/lang/Object; @ 91
Event: 3.218 Thread 0x0000000004a1e000 Uncommon trap: reason=unstable_if action=reinterpret pc=0x0000000004ea9c74 method=java.util.HashMap.getNode(ILjava/lang/Object;)Ljava/util/HashMap$Node; @ 62
Event: 3.607 Thread 0x0000000004a1e000 Uncommon trap: reason=bimorphic action=maybe_recompile pc=0x0000000004f707a4 method=java.util.HashMap.putVal(ILjava/lang/Object;Ljava/lang/Object;ZZ)Ljava/lang/Object; @ 203
Event: 4.542 Thread 0x0000000004a1e000 Uncommon trap: reason=unstable_if action=reinterpret pc=0x0000000004f64cf4 method=java.io.WinNTFileSystem.normalize(Ljava/lang/String;)Ljava/lang/String; @ 128
Event: 4.542 Thread 0x0000000004a1e000 Uncommon trap: reason=unstable_if action=reinterpret pc=0x0000000004f40d24 method=java.io.WinNTFileSystem.normalize(Ljava/lang/String;II)Ljava/lang/String; @ 90
Event: 8.211 Thread 0x000000001b531000 Uncommon trap: reason=bimorphic action=maybe_recompile pc=0x0000000004f700b0 method=java.util.HashMap.putVal(ILjava/lang/Object;Ljava/lang/Object;ZZ)Ljava/lang/Object; @ 253
Event: 8.212 Thread 0x000000001b531000 Uncommon trap: reason=bimorphic action=maybe_recompile pc=0x0000000004f700b0 method=java.util.HashMap.putVal(ILjava/lang/Object;Ljava/lang/Object;ZZ)Ljava/lang/Object; @ 253
Event: 8.212 Thread 0x000000001b531000 Uncommon trap: reason=bimorphic action=maybe_recompile pc=0x0000000004f700b0 method=java.util.HashMap.putVal(ILjava/lang/Object;Ljava/lang/Object;ZZ)Ljava/lang/Object; @ 253
Event: 9.113 Thread 0x000000001b531000 Uncommon trap: reason=class_check action=maybe_recompile pc=0x0000000004eb159c method=java.util.regex.Matcher.match(II)Z @ 86
Event: 9.115 Thread 0x000000001b531000 Uncommon trap: reason=class_check action=maybe_recompile pc=0x0000000004eb159c method=java.util.regex.Matcher.match(II)Z @ 86

Classes redefined (0 events):
No events

Internal exceptions (10 events):
Event: 8.010 Thread 0x000000001b275000 Exception <a 'java/lang/NoSuchMethodError': <clinit>> (0x00000000e1c9c638) thrown at [D:\src\AOSP-openjdk-cygwin\jdk8u\hotspot\src\share\vm\prims\jni.cpp, line 1613]
Event: 8.017 Thread 0x000000001b275000 Exception <a 'java/lang/NoSuchMethodError': <clinit>> (0x00000000e1cbd600) thrown at [D:\src\AOSP-openjdk-cygwin\jdk8u\hotspot\src\share\vm\prims\jni.cpp, line 1613]
Event: 8.022 Thread 0x000000001b275000 Exception <a 'java/lang/NoSuchMethodError': <clinit>> (0x00000000e1cd51d8) thrown at [D:\src\AOSP-openjdk-cygwin\jdk8u\hotspot\src\share\vm\prims\jni.cpp, line 1613]
Event: 8.023 Thread 0x000000001b275000 Exception <a 'java/lang/NoSuchMethodError': <clinit>> (0x00000000e1cddca0) thrown at [D:\src\AOSP-openjdk-cygwin\jdk8u\hotspot\src\share\vm\prims\jni.cpp, line 1613]
Event: 8.026 Thread 0x000000001b275000 Exception <a 'java/lang/NoSuchMethodError': <clinit>> (0x00000000e1cef3f0) thrown at [D:\src\AOSP-openjdk-cygwin\jdk8u\hotspot\src\share\vm\prims\jni.cpp, line 1613]
Event: 8.090 Thread 0x000000001b275000 Exception <a 'java/lang/NoSuchMethodError': <clinit>> (0x00000000e1d6daf0) thrown at [D:\src\AOSP-openjdk-cygwin\jdk8u\hotspot\src\share\vm\prims\jni.cpp, line 1613]
Event: 8.102 Thread 0x000000001b275000 Exception <a 'java/lang/NoSuchMethodError': <clinit>> (0x00000000e1d88420) thrown at [D:\src\AOSP-openjdk-cygwin\jdk8u\hotspot\src\share\vm\prims\jni.cpp, line 1613]
Event: 8.113 Thread 0x000000001b275000 Exception <a 'java/lang/NoSuchMethodError': <clinit>> (0x00000000e1dacb48) thrown at [D:\src\AOSP-openjdk-cygwin\jdk8u\hotspot\src\share\vm\prims\jni.cpp, line 1613]
Event: 8.178 Thread 0x000000001b531000 Exception <a 'java/lang/NoSuchMethodError': <clinit>> (0x00000000e1eb5908) thrown at [D:\src\AOSP-openjdk-cygwin\jdk8u\hotspot\src\share\vm\prims\jni.cpp, line 1613]
Event: 8.180 Thread 0x000000001b531000 Exception <a 'java/lang/NoSuchMethodError': <clinit>> (0x00000000e1ebdb90) thrown at [D:\src\AOSP-openjdk-cygwin\jdk8u\hotspot\src\share\vm\prims\jni.cpp, line 1613]

Events (10 events):
Event: 9.156 loading class org/gradle/cache/internal/cacheops/CacheOperationStack
Event: 9.156 loading class org/gradle/cache/internal/cacheops/CacheOperationStack done
Event: 9.157 loading class org/gradle/cache/internal/DefaultCacheFactory$DirCacheReference
Event: 9.157 loading class org/gradle/cache/internal/DefaultCacheFactory$DirCacheReference done
Event: 9.157 loading class org/gradle/cache/internal/DefaultCacheFactory$ReferenceTrackingCache
Event: 9.157 loading class org/gradle/cache/internal/DefaultCacheFactory$ReferenceTrackingCache done
Event: 9.165 loading class org/gradle/api/internal/changedetection/state/CachingFileHasher
Event: 9.165 loading class org/gradle/api/internal/changedetection/state/CachingFileHasher done
Event: 9.166 loading class org/gradle/api/internal/hash/DefaultFileHasher
Event: 9.166 loading class org/gradle/api/internal/hash/DefaultFileHasher done


Dynamic libraries:
0x00007ff7040a0000 - 0x00007ff7040d1000 	I:\AndroidStudio\jre\bin\java.exe
0x00007ffff3ef0000 - 0x00007ffff40d0000 	C:\WINDOWS\SYSTEM32\ntdll.dll
0x00007ffff1fa0000 - 0x00007ffff204e000 	C:\WINDOWS\System32\KERNEL32.DLL
0x00007ffff0930000 - 0x00007ffff0b96000 	C:\WINDOWS\System32\KERNELBASE.dll
0x00007ffff2080000 - 0x00007ffff2121000 	C:\WINDOWS\System32\ADVAPI32.dll
0x00007ffff39a0000 - 0x00007ffff3a3d000 	C:\WINDOWS\System32\msvcrt.dll
0x00007ffff2360000 - 0x00007ffff23bb000 	C:\WINDOWS\System32\sechost.dll
0x00007ffff1b20000 - 0x00007ffff1c3f000 	C:\WINDOWS\System32\RPCRT4.dll
0x00007ffff1920000 - 0x00007ffff1aaf000 	C:\WINDOWS\System32\USER32.dll
0x00007ffff0910000 - 0x00007ffff0930000 	C:\WINDOWS\System32\win32u.dll
0x00007ffff2050000 - 0x00007ffff2078000 	C:\WINDOWS\System32\GDI32.dll
0x00007ffff0310000 - 0x00007ffff04a3000 	C:\WINDOWS\System32\gdi32full.dll
0x00007ffff12f0000 - 0x00007ffff138b000 	C:\WINDOWS\System32\msvcp_win.dll
0x00007ffff04b0000 - 0x00007ffff05a6000 	C:\WINDOWS\System32\ucrtbase.dll
0x00007fffe8830000 - 0x00007fffe8a99000 	C:\WINDOWS\WinSxS\amd64_microsoft.windows.common-controls_6595b64144ccf1df_6.0.16299.309_none_15cfd4c4935e6b11\COMCTL32.dll
0x00007ffff3a70000 - 0x00007ffff3d78000 	C:\WINDOWS\System32\combase.dll
0x00007ffff05b0000 - 0x00007ffff0622000 	C:\WINDOWS\System32\bcryptPrimitives.dll
0x00007ffff2330000 - 0x00007ffff235d000 	C:\WINDOWS\System32\IMM32.DLL
0x000000006a0b0000 - 0x000000006a182000 	I:\AndroidStudio\jre\jre\bin\msvcr100.dll
0x000000006a270000 - 0x000000006aaae000 	I:\AndroidStudio\jre\jre\bin\server\jvm.dll
0x00007ffff1ec0000 - 0x00007ffff1ec8000 	C:\WINDOWS\System32\PSAPI.DLL
0x00007fffdf580000 - 0x00007fffdf589000 	C:\WINDOWS\SYSTEM32\WSOCK32.dll
0x00007ffff3e20000 - 0x00007ffff3e8c000 	C:\WINDOWS\System32\WS2_32.dll
0x00007fffe9e80000 - 0x00007fffe9ea3000 	C:\WINDOWS\SYSTEM32\WINMM.dll
0x00007fffe4990000 - 0x00007fffe499a000 	C:\WINDOWS\SYSTEM32\VERSION.dll
0x00007fffe9e50000 - 0x00007fffe9e7a000 	C:\WINDOWS\SYSTEM32\WINMMBASE.dll
0x00007ffff02c0000 - 0x00007ffff030a000 	C:\WINDOWS\System32\cfgmgr32.dll
0x00007fffec9f0000 - 0x00007fffec9ff000 	I:\AndroidStudio\jre\jre\bin\verify.dll
0x00007fffebe50000 - 0x00007fffebe79000 	I:\AndroidStudio\jre\jre\bin\java.dll
0x00007fffebff0000 - 0x00007fffec006000 	I:\AndroidStudio\jre\jre\bin\zip.dll
0x00007ffff23c0000 - 0x00007ffff37f6000 	C:\WINDOWS\System32\SHELL32.dll
0x00007ffff2130000 - 0x00007ffff21d6000 	C:\WINDOWS\System32\shcore.dll
0x00007ffff0ba0000 - 0x00007ffff12e7000 	C:\WINDOWS\System32\windows.storage.dll
0x00007ffff17e0000 - 0x00007ffff1831000 	C:\WINDOWS\System32\shlwapi.dll
0x00007ffff0260000 - 0x00007ffff0271000 	C:\WINDOWS\System32\kernel.appcore.dll
0x00007ffff0210000 - 0x00007ffff025c000 	C:\WINDOWS\System32\powrprof.dll
0x00007ffff0280000 - 0x00007ffff029b000 	C:\WINDOWS\System32\profapi.dll
0x00007fffeb800000 - 0x00007fffeb81a000 	I:\AndroidStudio\jre\jre\bin\net.dll
0x00007fffefaa0000 - 0x00007fffefb06000 	C:\WINDOWS\system32\mswsock.dll
0x00007fffeb7e0000 - 0x00007fffeb7f1000 	I:\AndroidStudio\jre\jre\bin\nio.dll
0x00007fffdebc0000 - 0x00007fffdebde000 	C:\Users\Bishwas C Gupta\.gradle\native\25\windows-amd64\native-platform.dll
0x00007fffec0a0000 - 0x00007fffec0ad000 	I:\AndroidStudio\jre\jre\bin\management.dll
0x00007fffefc60000 - 0x00007fffefc77000 	C:\WINDOWS\SYSTEM32\CRYPTSP.dll
0x00007fffef6a0000 - 0x00007fffef6d3000 	C:\WINDOWS\system32\rsaenh.dll
0x00007fffefd70000 - 0x00007fffefd95000 	C:\WINDOWS\SYSTEM32\bcrypt.dll
0x00007ffff0110000 - 0x00007ffff0139000 	C:\WINDOWS\SYSTEM32\USERENV.dll
0x00007fffefc80000 - 0x00007fffefc8b000 	C:\WINDOWS\SYSTEM32\CRYPTBASE.dll
0x00007fffef830000 - 0x00007fffef869000 	C:\WINDOWS\SYSTEM32\IPHLPAPI.DLL
0x00007ffff3a60000 - 0x00007ffff3a68000 	C:\WINDOWS\System32\NSI.dll
0x00007fffeb940000 - 0x00007fffeb956000 	C:\WINDOWS\SYSTEM32\dhcpcsvc6.DLL
0x00007fffeb920000 - 0x00007fffeb93a000 	C:\WINDOWS\SYSTEM32\dhcpcsvc.DLL

VM Arguments:
jvm_args: -Xmx1536m -Dfile.encoding=windows-1252 -Duser.country=IN -Duser.language=en -Duser.variant 
java_command: org.gradle.launcher.daemon.bootstrap.GradleDaemon 4.1
java_class_path (initial): C:\Users\Bishwas C Gupta\.gradle\wrapper\dists\gradle-4.1-all\bzyivzo6n839fup2jbap0tjew\gradle-4.1\lib\gradle-launcher-4.1.jar
Launcher Type: SUN_STANDARD

Environment Variables:
PATH=C:\Program Files\Haskell\bin;C:\Program Files\Haskell Platform\8.2.2\lib\extralibs\bin;C:\Program Files\Haskell Platform\8.2.2\bin;C:\Program Files (x86)\Intel\iCLS Client\;C:\Program Files\Intel\iCLS Client\;C:\WINDOWS\system32;C:\WINDOWS;C:\WINDOWS\System32\Wbem;C:\WINDOWS\System32\WindowsPowerShell\v1.0\;C:\Program Files (x86)\ATI Technologies\ATI.ACE\Core-Static;C:\TDM-GCC-64\bin;C:\Program Files\Intel\Intel(R) Management Engine Components\DAL;C:\Program Files\Intel\Intel(R) Management Engine Components\IPT;C:\Program Files (x86)\Intel\Intel(R) Management Engine Components\DAL;C:\Program Files (x86)\Intel\Intel(R) Management Engine Components\IPT;C:\Program Files\Intel\WiFi\bin\;C:\Program Files\Common Files\Intel\WirelessCommon\;C:\Program Files (x86)\MiKTeX 2.9\miktex\bin\;C:\Program Files\Git\cmd;C:\Program Files\Git\usr\bin;C:\Program Files\Haskell Platform\8.2.2\mingw\bin;C:\adb-fastboot\platform-tools;C:\Users\Bishwas C Gupta\AppData\Roaming\cabal\bin;C:\Users\Bishwas C Gupta\AppData\Roaming\local\bin;C:\Users\Bishwas C Gupta\AppData\Local\Programs\Python\Python35\Scripts\;C:\Users\Bishwas C Gupta\AppData\Local\Programs\Python\Python35\;C:\Users\Bishwas C Gupta\AppData\Local\Programs\Python\Python36\Scripts\;C:\Users\Bishwas C Gupta\AppData\Local\Programs\Python\Python36\;C:\Users\Bishwas C Gupta\AppData\Local\Microsoft\WindowsApps;C:\Program Files\Java\jdk1.8.0_05\bin;C:\Program Files\Intel\WiFi\bin\;C:\Program Files\Common Files\Intel\WirelessCommon\;C:\Users\Bishwas C Gupta\AppData\Local\GitHubDesktop\bin;C:\Users\Bishwas C Gupta\AppData\Local\.meteor\;C:\Users\Bishwas C Gupta\AppData\Local\Microsoft\WindowsApps;C:\Program Files\Microsoft VS Code\bin
USERNAME=Bishwas C Gupta
OS=Windows_NT
PROCESSOR_IDENTIFIER=Intel64 Family 6 Model 69 Stepping 1, GenuineIntel



---------------  S Y S T E M  ---------------

OS: Windows 10.0 , 64 bit Build 16299 (10.0.16299.15)

CPU:total 4 (initial active 4) (2 cores per cpu, 2 threads per core) family 6 model 69 stepping 1, cmov, cx8, fxsr, mmx, sse, sse2, sse3, ssse3, sse4.1, sse4.2, popcnt, avx, avx2, aes, clmul, erms, lzcnt, ht, tsc, tscinvbit, bmi1, bmi2

Memory: 4k page, physical 8274284k(1783200k free), swap 9322860k(7044k free)

vm_info: OpenJDK 64-Bit Server VM (25.152-b01) for windows-amd64 JRE (1.8.0_152-release-915-b01), built by "builder" with MS VC++ 10.0 (VS2010)

time: Sun Mar 18 09:41:52 2018
elapsed time: 9 seconds (0d 0h 0m 9s)

